2025-12-11 22:23:39,906 [INFO] api.v1.clients.client: Client is created.
2025-12-12 09:33:34,340 [INFO] api.v1.clients.client: Client is created.
2025-12-12 09:47:44,734 [INFO] api.v1.clients.client: Client is created.
2025-12-12 09:49:51,220 [INFO] api.v1.clients.client: Client is created.
2025-12-14 15:48:19,428 [INFO] api.v1.user: User is created successfully
2025-12-14 15:52:03,653 [INFO] api.v1.clients.client: Client is created.
2025-12-29 05:27:16,291 [INFO] api.v1.user: User is created successfully
2025-12-29 12:07:34,403 [INFO] api.v1.roles.role: Role is created
2025-12-29 14:06:47,244 [INFO] api.v1.roles.role: Role is created
2025-12-29 14:08:33,969 [INFO] api.v1.user: User is created successfully
2025-12-29 15:07:15,979 [INFO] api.v1.roles.role: Role is created
2025-12-30 10:48:31,653 [INFO] api.v1.roles.role: Role is created
2025-12-30 11:00:18,718 [INFO] api.v1.permissions.permission: Permission is created
2025-12-30 11:24:10,082 [INFO] api.v1.user: User is created successfully
2025-12-30 11:28:37,570 [INFO] api.v1.user: User is created successfully
2025-12-30 11:32:07,187 [INFO] api.v1.user: User is created successfully
2025-12-30 11:33:24,129 [INFO] api.v1.user: User is created successfully
2025-12-30 11:41:01,316 [INFO] api.v1.user: User is created successfully
2025-12-30 11:58:39,277 [INFO] api.v1.user: User is created successfully
2025-12-30 12:11:12,343 [INFO] api.v1.user: User is created successfully
2025-12-30 12:19:29,720 [INFO] api.v1.user: User is created successfully
2025-12-30 12:43:25,148 [INFO] api.v1.user: User is created successfully
2025-12-30 12:57:03,956 [INFO] api.v1.user: User is created successfully
2025-12-30 13:01:22,268 [INFO] api.v1.user: User is created successfully
2025-12-30 13:03:39,475 [INFO] api.v1.roles.role: Role is created
2026-01-02 11:01:19,611 [INFO] api.v1.user: User is created successfully
2026-01-02 11:32:53,214 [INFO] api.v1.user: User is created successfully
2026-01-02 11:35:27,511 [INFO] api.v1.user: User is created successfully
2026-01-02 11:36:49,918 [INFO] api.v1.roles.role: Role is created
2026-01-02 11:37:30,654 [INFO] api.v1.roles.role: Role is created
2026-01-02 11:38:16,219 [INFO] api.v1.permissions.permission: Permission is created
2026-01-02 11:42:19,064 [INFO] api.v1.permissions.permission: Permission is created
2026-01-02 12:34:35,052 [INFO] api.v1.permissions.permission: Permission is created
2026-01-06 12:27:36,660 [INFO] api.v1.permissions.permission_category: Permission category is created
2026-01-06 12:45:22,201 [INFO] api.v1.permissions.permission_category: Permission category is created
2026-01-06 12:45:36,014 [INFO] api.v1.permissions.permission_category: Permission category is created
2026-01-06 12:46:41,051 [INFO] api.v1.permissions.permission: Permission is created
2026-01-06 12:55:53,328 [INFO] api.v1.permissions.permission_category: Permission category is created
2026-01-07 09:24:43,783 [INFO] api.v1.permissions.permission: Permission is created
2026-01-07 09:55:31,349 [INFO] api.v1.permissions.permission_category: Permission category is created
2026-01-07 09:56:00,868 [INFO] api.v1.permissions.permission_category: Permission category is created
2026-01-07 09:57:04,652 [INFO] api.v1.permissions.permission_category: Permission category is created
2026-01-07 09:58:10,579 [INFO] api.v1.permissions.permission_category: Permission category is created
2026-01-07 10:26:08,984 [INFO] api.v1.permissions.permission: Permission is created
2026-01-08 13:47:59,068 [INFO] api.v1.roles.role: Role is created
2026-01-08 13:48:14,549 [INFO] api.v1.roles.role: Role is created
2026-01-08 13:48:30,722 [INFO] api.v1.roles.role: Role is created
2026-01-08 13:48:42,923 [INFO] api.v1.roles.role: Role is created
2026-01-08 13:48:56,072 [INFO] api.v1.roles.role: Role is created
2026-01-08 13:49:13,492 [INFO] api.v1.roles.role: Role is created
2026-01-08 13:51:25,012 [INFO] api.v1.roles.role: Role is created
2026-01-08 13:52:27,166 [INFO] api.v1.roles.role: Role is created
2026-01-08 13:53:35,522 [INFO] api.v1.roles.role: Role is created
2026-01-08 13:53:43,959 [INFO] api.v1.roles.role: Role is created
2026-01-29 12:54:15,450 [INFO] api.v1.user: User is created successfully
2026-01-29 18:23:02,296 [INFO] api.v1.user: User is created successfully
2026-01-29 18:24:07,347 [INFO] api.v1.user: User is created successfully
2026-01-29 18:26:02,061 [INFO] api.v1.user: User is created successfully
2026-01-29 19:09:11,080 [INFO] api.v1.user: User is created successfully
2026-01-29 19:17:11,689 [INFO] api.v1.user: User is created successfully
2026-01-29 19:23:29,429 [INFO] api.v1.user: User is created successfully
2026-01-29 19:25:16,511 [INFO] api.v1.user: User is created successfully
2026-01-29 19:26:34,434 [INFO] api.v1.user: User is created successfully
2026-01-30 11:03:54,661 [INFO] api.v1.user: User is created successfully
2026-01-30 11:04:53,679 [INFO] api.v1.user: User is created successfully
2026-01-30 12:10:27,950 [INFO] api.v1.permissions.permission: Permission is created
2026-01-30 12:43:36,496 [INFO] api.v1.roles.role: Role is created
2026-02-04 09:54:53,734 [INFO] api.v1.ticket: Ticket is created
2026-02-04 10:11:39,044 [INFO] api.v1.ticket: Ticket is created
2026-02-04 10:17:15,364 [INFO] api.v1.ticket: Ticket is created
2026-02-04 10:23:52,006 [INFO] api.v1.ticket: Ticket is created
2026-02-04 10:38:57,586 [INFO] api.v1.ticket: Ticket is created
2026-02-04 13:01:27,889 [INFO] api.v1.ticket: Ticket is created
2026-02-04 13:02:44,913 [INFO] api.v1.ticket: Ticket is created
2026-02-04 13:37:52,834 [INFO] api.v1.ticket: Ticket is created
2026-02-04 19:30:32,094 [INFO] api.v1.ticket: Ticket is created successfully
2026-02-05 10:29:27,624 [INFO] api.v1.ticket: Ticket is created successfully
2026-02-05 10:34:02,118 [INFO] api.v1.ticket: Ticket is created successfully
2026-02-05 11:22:55,605 [INFO] api.v1.ticket: Ticket is created successfully
2026-02-06 13:05:38,461 [INFO] api.v1.user: User is created successfully
2026-02-09 09:17:37,327 [INFO] api.v1.user: User is created successfully
2026-02-19 11:02:00,230 [INFO] api.v1.roles.role: Role is created
2026-02-25 15:09:19,585 [INFO] api.v1.ticket: Ticket is created successfully
2026-02-25 15:47:54,479 [INFO] api.v1.user: User is created successfully
2026-02-26 14:50:26,776 [INFO] httpx: HTTP Request: POST https://oauth2.googleapis.com/token "HTTP/1.1 200 OK"
2026-02-26 14:50:26,955 [INFO] httpx: HTTP Request: GET https://www.googleapis.com/oauth2/v2/userinfo "HTTP/1.1 200 OK"
2026-02-26 14:52:52,499 [INFO] httpx: HTTP Request: POST https://github.com/login/oauth/access_token "HTTP/1.1 200 OK"
2026-02-26 14:52:52,873 [INFO] httpx: HTTP Request: GET https://api.github.com/user "HTTP/1.1 200 OK"
2026-02-26 14:52:53,223 [INFO] httpx: HTTP Request: GET https://api.github.com/user/emails "HTTP/1.1 200 OK"
2026-02-26 17:02:16,730 [INFO] httpx: HTTP Request: POST https://oauth2.googleapis.com/token "HTTP/1.1 200 OK"
2026-02-26 17:02:16,930 [INFO] httpx: HTTP Request: GET https://www.googleapis.com/oauth2/v2/userinfo "HTTP/1.1 200 OK"
2026-02-26 17:02:48,531 [INFO] httpx: HTTP Request: POST https://oauth2.googleapis.com/token "HTTP/1.1 200 OK"
2026-02-26 17:02:48,782 [INFO] httpx: HTTP Request: GET https://www.googleapis.com/oauth2/v2/userinfo "HTTP/1.1 200 OK"
2026-02-26 17:03:35,885 [INFO] httpx: HTTP Request: POST https://oauth2.googleapis.com/token "HTTP/1.1 200 OK"
2026-02-26 17:03:37,349 [INFO] httpx: HTTP Request: GET https://www.googleapis.com/oauth2/v2/userinfo "HTTP/1.1 200 OK"
2026-02-26 17:08:35,614 [INFO] httpx: HTTP Request: POST https://oauth2.googleapis.com/token "HTTP/1.1 200 OK"
2026-02-26 17:08:36,407 [INFO] httpx: HTTP Request: GET https://www.googleapis.com/oauth2/v2/userinfo "HTTP/1.1 200 OK"
2026-02-26 17:11:11,231 [INFO] httpx: HTTP Request: POST https://oauth2.googleapis.com/token "HTTP/1.1 200 OK"
2026-02-26 17:11:11,641 [INFO] httpx: HTTP Request: GET https://www.googleapis.com/oauth2/v2/userinfo "HTTP/1.1 200 OK"
2026-02-26 17:12:20,865 [INFO] httpx: HTTP Request: POST https://oauth2.googleapis.com/token "HTTP/1.1 200 OK"
2026-02-26 17:12:21,476 [INFO] httpx: HTTP Request: GET https://www.googleapis.com/oauth2/v2/userinfo "HTTP/1.1 200 OK"
2026-02-26 17:14:47,086 [INFO] httpx: HTTP Request: POST https://oauth2.googleapis.com/token "HTTP/1.1 200 OK"
2026-02-26 17:14:47,910 [INFO] httpx: HTTP Request: GET https://www.googleapis.com/oauth2/v2/userinfo "HTTP/1.1 200 OK"
2026-02-26 17:16:03,201 [INFO] httpx: HTTP Request: POST https://oauth2.googleapis.com/token "HTTP/1.1 200 OK"
2026-02-26 17:16:03,629 [INFO] httpx: HTTP Request: GET https://www.googleapis.com/oauth2/v2/userinfo "HTTP/1.1 200 OK"
2026-02-26 17:16:26,208 [INFO] httpx: HTTP Request: POST https://oauth2.googleapis.com/token "HTTP/1.1 200 OK"
2026-02-26 17:16:27,012 [INFO] httpx: HTTP Request: GET https://www.googleapis.com/oauth2/v2/userinfo "HTTP/1.1 200 OK"
2026-02-26 19:21:15,823 [INFO] httpx: HTTP Request: POST https://oauth2.googleapis.com/token "HTTP/1.1 200 OK"
2026-02-26 19:21:17,256 [INFO] httpx: HTTP Request: GET https://www.googleapis.com/oauth2/v2/userinfo "HTTP/1.1 200 OK"
2026-02-26 19:38:15,584 [INFO] httpx: HTTP Request: POST https://oauth2.googleapis.com/token "HTTP/1.1 200 OK"
2026-02-26 19:38:16,385 [INFO] httpx: HTTP Request: GET https://www.googleapis.com/oauth2/v2/userinfo "HTTP/1.1 200 OK"
2026-02-26 19:39:17,027 [INFO] httpx: HTTP Request: POST https://oauth2.googleapis.com/token "HTTP/1.1 200 OK"
2026-02-26 19:39:17,819 [INFO] httpx: HTTP Request: GET https://www.googleapis.com/oauth2/v2/userinfo "HTTP/1.1 200 OK"
2026-02-26 19:41:43,811 [INFO] httpx: HTTP Request: POST https://oauth2.googleapis.com/token "HTTP/1.1 200 OK"
2026-02-26 19:41:44,512 [INFO] httpx: HTTP Request: GET https://www.googleapis.com/oauth2/v2/userinfo "HTTP/1.1 200 OK"
2026-02-26 19:41:54,423 [INFO] httpx: HTTP Request: POST https://oauth2.googleapis.com/token "HTTP/1.1 200 OK"
2026-02-26 19:41:54,832 [INFO] httpx: HTTP Request: GET https://www.googleapis.com/oauth2/v2/userinfo "HTTP/1.1 200 OK"
2026-02-26 19:42:02,436 [INFO] httpx: HTTP Request: POST https://github.com/login/oauth/access_token "HTTP/1.1 200 OK"
2026-02-26 19:42:02,849 [INFO] httpx: HTTP Request: GET https://api.github.com/user "HTTP/1.1 200 OK"
2026-02-26 19:42:03,204 [INFO] httpx: HTTP Request: GET https://api.github.com/user/emails "HTTP/1.1 200 OK"
2026-02-26 19:42:12,240 [INFO] httpx: HTTP Request: POST https://github.com/login/oauth/access_token "HTTP/1.1 200 OK"
2026-02-26 19:42:13,369 [INFO] httpx: HTTP Request: GET https://api.github.com/user "HTTP/1.1 200 OK"
2026-02-26 19:42:13,879 [INFO] httpx: HTTP Request: GET https://api.github.com/user/emails "HTTP/1.1 200 OK"
2026-02-26 19:42:28,214 [INFO] httpx: HTTP Request: POST https://github.com/login/oauth/access_token "HTTP/1.1 200 OK"
2026-02-26 19:42:29,136 [INFO] httpx: HTTP Request: GET https://api.github.com/user "HTTP/1.1 200 OK"
2026-02-26 19:42:30,010 [INFO] httpx: HTTP Request: GET https://api.github.com/user/emails "HTTP/1.1 200 OK"
2026-02-26 19:45:50,766 [INFO] httpx: HTTP Request: POST https://oauth2.googleapis.com/token "HTTP/1.1 200 OK"
2026-02-26 19:45:51,396 [INFO] httpx: HTTP Request: GET https://www.googleapis.com/oauth2/v2/userinfo "HTTP/1.1 200 OK"
2026-02-26 19:46:00,563 [INFO] httpx: HTTP Request: POST https://github.com/login/oauth/access_token "HTTP/1.1 200 OK"
2026-02-26 19:46:01,069 [INFO] httpx: HTTP Request: GET https://api.github.com/user "HTTP/1.1 200 OK"
2026-02-26 19:46:01,391 [INFO] httpx: HTTP Request: GET https://api.github.com/user/emails "HTTP/1.1 200 OK"
2026-02-26 19:46:46,564 [INFO] httpx: HTTP Request: POST https://oauth2.googleapis.com/token "HTTP/1.1 200 OK"
2026-02-26 19:46:46,840 [INFO] httpx: HTTP Request: GET https://www.googleapis.com/oauth2/v2/userinfo "HTTP/1.1 200 OK"
2026-02-26 19:47:30,681 [INFO] httpx: HTTP Request: POST https://github.com/login/oauth/access_token "HTTP/1.1 200 OK"
2026-02-26 19:47:31,533 [INFO] httpx: HTTP Request: GET https://api.github.com/user "HTTP/1.1 200 OK"
2026-02-26 19:47:31,942 [INFO] httpx: HTTP Request: GET https://api.github.com/user/emails "HTTP/1.1 200 OK"
2026-02-26 19:52:02,426 [INFO] httpx: HTTP Request: POST https://oauth2.googleapis.com/token "HTTP/1.1 200 OK"
2026-02-26 19:52:02,851 [INFO] httpx: HTTP Request: GET https://www.googleapis.com/oauth2/v2/userinfo "HTTP/1.1 200 OK"
2026-02-26 19:53:52,111 [INFO] httpx: HTTP Request: POST https://github.com/login/oauth/access_token "HTTP/1.1 200 OK"
2026-02-26 19:53:52,569 [INFO] httpx: HTTP Request: GET https://api.github.com/user "HTTP/1.1 200 OK"
2026-02-26 19:53:53,001 [INFO] httpx: HTTP Request: GET https://api.github.com/user/emails "HTTP/1.1 200 OK"
2026-02-26 19:57:41,151 [INFO] httpx: HTTP Request: POST https://github.com/login/oauth/access_token "HTTP/1.1 200 OK"
2026-02-26 19:57:41,754 [INFO] httpx: HTTP Request: GET https://api.github.com/user "HTTP/1.1 200 OK"
2026-02-26 19:57:42,163 [INFO] httpx: HTTP Request: GET https://api.github.com/user/emails "HTTP/1.1 200 OK"
2026-02-26 19:58:38,279 [INFO] httpx: HTTP Request: POST https://github.com/login/oauth/access_token "HTTP/1.1 200 OK"
2026-02-26 19:58:39,103 [INFO] httpx: HTTP Request: GET https://api.github.com/user "HTTP/1.1 200 OK"
2026-02-26 19:58:39,673 [INFO] httpx: HTTP Request: GET https://api.github.com/user/emails "HTTP/1.1 200 OK"
2026-02-26 19:59:21,568 [INFO] httpx: HTTP Request: POST https://oauth2.googleapis.com/token "HTTP/1.1 200 OK"
2026-02-26 19:59:22,152 [INFO] httpx: HTTP Request: GET https://www.googleapis.com/oauth2/v2/userinfo "HTTP/1.1 200 OK"
2026-02-26 20:00:12,415 [INFO] httpx: HTTP Request: POST https://oauth2.googleapis.com/token "HTTP/1.1 200 OK"
2026-02-26 20:00:12,896 [INFO] httpx: HTTP Request: GET https://www.googleapis.com/oauth2/v2/userinfo "HTTP/1.1 200 OK"
2026-02-26 20:00:40,697 [INFO] httpx: HTTP Request: POST https://oauth2.googleapis.com/token "HTTP/1.1 200 OK"
2026-02-26 20:00:41,288 [INFO] httpx: HTTP Request: GET https://www.googleapis.com/oauth2/v2/userinfo "HTTP/1.1 200 OK"
2026-02-27 09:51:21,780 [INFO] httpx: HTTP Request: POST https://oauth2.googleapis.com/token "HTTP/1.1 200 OK"
2026-02-27 09:51:22,027 [INFO] httpx: HTTP Request: GET https://www.googleapis.com/oauth2/v2/userinfo "HTTP/1.1 200 OK"
2026-02-27 09:53:00,741 [INFO] httpx: HTTP Request: POST https://oauth2.googleapis.com/token "HTTP/1.1 200 OK"
2026-02-27 09:53:01,455 [INFO] httpx: HTTP Request: GET https://www.googleapis.com/oauth2/v2/userinfo "HTTP/1.1 200 OK"
2026-02-27 09:55:48,217 [INFO] httpx: HTTP Request: POST https://github.com/login/oauth/access_token "HTTP/1.1 200 OK"
2026-02-27 09:55:48,601 [INFO] httpx: HTTP Request: GET https://api.github.com/user "HTTP/1.1 200 OK"
2026-02-27 09:55:48,886 [INFO] httpx: HTTP Request: GET https://api.github.com/user/emails "HTTP/1.1 200 OK"
2026-02-27 09:56:29,033 [INFO] httpx: HTTP Request: POST https://oauth2.googleapis.com/token "HTTP/1.1 200 OK"
2026-02-27 09:56:29,348 [INFO] httpx: HTTP Request: GET https://www.googleapis.com/oauth2/v2/userinfo "HTTP/1.1 200 OK"
2026-02-27 10:06:17,667 [INFO] httpx: HTTP Request: POST https://oauth2.googleapis.com/token "HTTP/1.1 200 OK"
2026-02-27 10:06:17,982 [INFO] httpx: HTTP Request: GET https://www.googleapis.com/oauth2/v2/userinfo "HTTP/1.1 200 OK"
2026-02-27 10:11:46,785 [INFO] httpx: HTTP Request: POST https://oauth2.googleapis.com/token "HTTP/1.1 200 OK"
2026-02-27 10:11:47,400 [INFO] httpx: HTTP Request: GET https://www.googleapis.com/oauth2/v2/userinfo "HTTP/1.1 200 OK"
2026-02-27 10:13:32,902 [INFO] httpx: HTTP Request: POST https://oauth2.googleapis.com/token "HTTP/1.1 200 OK"
2026-02-27 10:13:33,127 [INFO] httpx: HTTP Request: GET https://www.googleapis.com/oauth2/v2/userinfo "HTTP/1.1 200 OK"
2026-02-27 10:23:16,833 [INFO] httpx: HTTP Request: POST https://oauth2.googleapis.com/token "HTTP/1.1 200 OK"
2026-02-27 10:23:17,448 [INFO] httpx: HTTP Request: GET https://www.googleapis.com/oauth2/v2/userinfo "HTTP/1.1 200 OK"
